<?xml version="1.0" encoding="UTF-8"?>
<!-- Generated by org.testng.reporters.JUnitReportReporter -->
<testsuite hostname="LAPTOP-O0K43E3F" failures="0" tests="1" name="TestCases.FirstFlow" time="13.776" errors="0" timestamp="2025-08-21T22:48:53 IST" skipped="0">
  <testcase classname="TestCases.FirstFlow" name="createNote" time="13.776"/>
</testsuite> <!-- TestCases.FirstFlow -->
