<?xml version="1.0" encoding="UTF-8"?>
<!-- Generated by org.testng.reporters.JUnitReportReporter -->
<testsuite hostname="LAPTOP-O0K43E3F" failures="0" tests="10" name="TestCases.FirstFlow" time="112.891" errors="0" timestamp="2025-09-09T22:29:34 IST" skipped="0">
  <testcase classname="TestCases.FirstFlow" name="longHoldTheNote" time="8.232"/>
  <testcase classname="TestCases.FirstFlow" name="changeColour" time="9.034"/>
  <testcase classname="TestCases.FirstFlow" name="archiveTheNote" time="6.853"/>
  <testcase classname="TestCases.FirstFlow" name="unarchiveNote" time="12.162"/>
  <testcase classname="TestCases.FirstFlow" name="uncheckAndDeleteNote" time="14.135"/>
  <testcase classname="TestCases.FirstFlow" name="createNote" time="13.792"/>
  <testcase classname="TestCases.FirstFlow" name="editTheNote" time="8.189"/>
  <testcase classname="TestCases.FirstFlow" name="givePermissionAndroidSetting" time="16.690"/>
  <testcase classname="TestCases.FirstFlow" name="createSecondNote" time="9.006"/>
  <testcase classname="TestCases.FirstFlow" name="changeColourFromHome" time="14.798"/>
</testsuite> <!-- TestCases.FirstFlow -->
