<?xml version="1.0" encoding="UTF-8"?>
<!-- Generated by org.testng.reporters.JUnitReportReporter -->
<testsuite hostname="LAPTOP-O0K43E3F" failures="0" tests="7" name="TestCases.FirstFlow" time="74.791" errors="0" timestamp="2025-09-04T23:14:29 IST" skipped="0">
  <testcase classname="TestCases.FirstFlow" name="editTheNote" time="7.484"/>
  <testcase classname="TestCases.FirstFlow" name="createNote" time="14.382"/>
  <testcase classname="TestCases.FirstFlow" name="changeColour" time="8.657"/>
  <testcase classname="TestCases.FirstFlow" name="longHoldTheNote" time="6.749"/>
  <testcase classname="TestCases.FirstFlow" name="givePermissionAndroidSetting" time="16.580"/>
  <testcase classname="TestCases.FirstFlow" name="createSecondNote" time="8.762"/>
  <testcase classname="TestCases.FirstFlow" name="changeColourFromHome" time="12.177"/>
</testsuite> <!-- TestCases.FirstFlow -->
