<?xml version="1.0" encoding="UTF-8"?>
<!-- Generated by org.testng.reporters.JUnitReportReporter -->
<testsuite hostname="LAPTOP-O0K43E3F" failures="0" tests="2" name="TestCases.FirstFlow" time="24.520" errors="0" timestamp="2025-08-26T22:27:03 IST" skipped="0">
  <testcase classname="TestCases.FirstFlow" name="createNote" time="14.568"/>
  <testcase classname="TestCases.FirstFlow" name="editTheNote" time="9.952"/>
</testsuite> <!-- TestCases.FirstFlow -->
