<?xml version="1.0" encoding="UTF-8"?>
<!-- Generated by org.testng.reporters.JUnitReportReporter -->
<testsuite hostname="LAPTOP-O0K43E3F" failures="0" tests="2" name="TestCases.PostiveFlows" time="14.898" errors="0" timestamp="2025-09-10T22:41:15 IST" skipped="0">
  <testcase classname="TestCases.PostiveFlows" name="createNote" time="7.387"/>
  <testcase classname="TestCases.PostiveFlows" name="editExistingNote" time="7.511"/>
</testsuite> <!-- TestCases.PostiveFlows -->
