<?xml version="1.0" encoding="UTF-8"?>
<!-- Generated by org.testng.reporters.JUnitReportReporter -->
<testsuite hostname="LAPTOP-O0K43E3F" failures="0" tests="5" name="TestCases.FirstFlow" time="43.428" errors="0" timestamp="2025-09-01T23:04:46 IST" skipped="0">
  <testcase classname="TestCases.FirstFlow" name="createSecondNote" time="8.491"/>
  <testcase classname="TestCases.FirstFlow" name="editTheNote" time="7.800"/>
  <testcase classname="TestCases.FirstFlow" name="createNote" time="13.821"/>
  <testcase classname="TestCases.FirstFlow" name="changeColour" time="8.632"/>
  <testcase classname="TestCases.FirstFlow" name="longHoldTheNote" time="4.684"/>
</testsuite> <!-- TestCases.FirstFlow -->
