<?xml version="1.0" encoding="UTF-8"?>
<!-- Generated by org.testng.reporters.JUnitReportReporter -->
<testsuite hostname="LAPTOP-O0K43E3F" failures="0" tests="1" name="TestCases.PostiveFlows" time="4.805" errors="0" timestamp="2025-09-09T22:52:44 IST" skipped="0">
  <testcase classname="TestCases.PostiveFlows" name="createNote" time="4.805"/>
</testsuite> <!-- TestCases.PostiveFlows -->
