<?xml version="1.0" encoding="UTF-8"?>
<!-- Generated by org.testng.reporters.JUnitReportReporter -->
<testsuite hostname="LAPTOP-O0K43E3F" failures="0" tests="9" name="TestCases.FirstFlow" time="99.276" errors="0" timestamp="2025-09-08T22:49:07 IST" skipped="0">
  <testcase classname="TestCases.FirstFlow" name="editTheNote" time="8.270"/>
  <testcase classname="TestCases.FirstFlow" name="longHoldTheNote" time="7.741"/>
  <testcase classname="TestCases.FirstFlow" name="createNote" time="13.800"/>
  <testcase classname="TestCases.FirstFlow" name="givePermissionAndroidSetting" time="16.748"/>
  <testcase classname="TestCases.FirstFlow" name="archiveTheNote" time="6.850"/>
  <testcase classname="TestCases.FirstFlow" name="createSecondNote" time="8.975"/>
  <testcase classname="TestCases.FirstFlow" name="unarchiveNote" time="12.513"/>
  <testcase classname="TestCases.FirstFlow" name="changeColour" time="9.748"/>
  <testcase classname="TestCases.FirstFlow" name="changeColourFromHome" time="14.631"/>
</testsuite> <!-- TestCases.FirstFlow -->
